TN:
SF:src\data.ts
FNF:0
FNH:0
DA:2,2
DA:73,2
LF:2
LH:2
BRF:0
BRH:0
end_of_record
TN:
SF:src\constants\order_sta.ts
FN:1,(anonymous_0)
FNF:1
FNH:1
FNDA:1,(anonymous_0)
DA:1,1
DA:2,1
DA:3,1
DA:4,1
DA:5,1
DA:6,1
LF:6
LH:6
BRDA:1,0,0,1
BRDA:1,0,1,1
BRF:2
BRH:2
end_of_record
TN:
SF:src\middleware\auth.mid.ts
FN:5,(anonymous_0)
FNF:1
FNH:1
FNDA:1,(anonymous_0)
DA:1,1
DA:5,1
DA:6,1
DA:7,1
DA:9,0
DA:10,0
DA:11,0
DA:14,0
DA:17,0
LF:9
LH:4
BRDA:7,0,0,1
BRF:1
BRH:1
end_of_record
TN:
SF:src\models\order.model.ts
FNF:0
FNH:0
DA:1,1
DA:4,1
DA:5,1
DA:15,1
DA:38,1
DA:57,1
LF:6
LH:6
BRF:0
BRH:0
end_of_record
TN:
SF:src\models\plant.model.ts
FNF:0
FNH:0
DA:1,2
DA:13,2
DA:33,2
LF:3
LH:3
BRF:0
BRH:0
end_of_record
TN:
SF:src\models\user.model.ts
FNF:0
FNH:0
DA:1,1
DA:12,1
DA:28,1
LF:3
LH:3
BRF:0
BRH:0
end_of_record
TN:
SF:src\routers\order.router.ts
FN:12,(anonymous_8)
FN:12,(anonymous_9)
FN:32,(anonymous_10)
FN:32,(anonymous_11)
FN:39,(anonymous_12)
FN:39,(anonymous_13)
FN:63,getNewOrderForCurrentUser
FNF:7
FNH:0
FNDA:0,(anonymous_8)
FNDA:0,(anonymous_9)
FNDA:0,(anonymous_10)
FNDA:0,(anonymous_11)
FNDA:0,(anonymous_12)
FNDA:0,(anonymous_13)
FNDA:0,getNewOrderForCurrentUser
DA:1,1
DA:2,1
DA:4,1
DA:5,1
DA:6,1
DA:8,1
DA:9,1
DA:11,1
DA:12,0
DA:13,0
DA:15,0
DA:16,0
DA:17,0
DA:20,0
DA:25,0
DA:26,0
DA:27,0
DA:32,1
DA:34,0
DA:35,0
DA:36,0
DA:39,1
DA:40,0
DA:41,0
DA:42,0
DA:43,0
DA:44,0
DA:47,0
DA:48,0
DA:49,0
DA:51,0
DA:59,1
DA:64,0
LF:33
LH:11
BRDA:15,0,0,0
BRDA:35,1,0,0
BRDA:35,1,1,0
BRDA:42,2,0,0
BRF:4
BRH:0
end_of_record
TN:
SF:src\routers\plant.router.ts
FN:10,(anonymous_8)
FN:10,(anonymous_9)
FN:26,(anonymous_10)
FN:26,(anonymous_11)
FN:42,(anonymous_12)
FN:42,(anonymous_13)
FNF:6
FNH:2
FNDA:0,(anonymous_8)
FNDA:0,(anonymous_9)
FNDA:0,(anonymous_10)
FNDA:0,(anonymous_11)
FNDA:1,(anonymous_12)
FNDA:1,(anonymous_13)
DA:1,1
DA:2,1
DA:3,1
DA:4,1
DA:7,1
DA:9,1
DA:10,0
DA:11,0
DA:12,0
DA:14,0
DA:15,0
DA:18,0
DA:19,0
DA:25,1
DA:26,0
DA:27,0
DA:28,0
DA:41,1
DA:42,1
DA:43,1
DA:44,0
DA:47,1
LF:22
LH:11
BRDA:12,0,0,0
BRF:1
BRH:0
end_of_record
TN:
SF:src\routers\user.router.ts
FN:12,(anonymous_8)
FN:12,(anonymous_9)
FN:26,(anonymous_10)
FN:26,(anonymous_11)
FN:42,(anonymous_12)
FN:42,(anonymous_13)
FN:66,(anonymous_14)
FNF:7
FNH:0
FNDA:0,(anonymous_8)
FNDA:0,(anonymous_9)
FNDA:0,(anonymous_10)
FNDA:0,(anonymous_11)
FNDA:0,(anonymous_12)
FNDA:0,(anonymous_13)
FNDA:0,(anonymous_14)
DA:1,1
DA:2,1
DA:3,1
DA:4,1
DA:5,1
DA:8,1
DA:11,1
DA:12,0
DA:13,0
DA:14,0
DA:16,0
DA:17,0
DA:20,0
DA:21,0
DA:25,1
DA:26,0
DA:29,0
DA:30,0
DA:32,0
DA:33,0
DA:36,0
DA:41,1
DA:42,0
DA:43,0
DA:44,0
DA:45,0
DA:46,0
DA:48,0
DA:52,0
DA:60,0
DA:61,0
DA:66,1
DA:67,0
DA:75,0
DA:84,1
LF:35
LH:11
BRDA:14,0,0,0
BRDA:32,1,0,0
BRDA:32,1,1,0
BRDA:45,2,0,0
BRF:4
BRH:0
end_of_record
